 0.36925E-08
 0.43197E-08
 0.46502E-08
 0.47571E-08
 0.47149E-08
 0.43498E-08
 0.20759E-08
 0.13743E-08
 0.27020E-08
 0.61264E-08
 0.49886E-08
 0.45755E-08
 0.54452E-08
 0.61023E-08
 0.61922E-08
 0.62480E-08
 0.63235E-08
 0.63924E-08
 0.64542E-08
 0.86981E-08
 0.93723E-08
 0.93619E-08
 0.94147E-08
 0.10052E-07
 0.99710E-08
 0.98165E-08
 0.98983E-08
 0.84599E-07
 0.46986E-06
 0.55478E-06
 0.63606E-06
 0.70918E-06
 0.79605E-06
 0.78778E-06
 0.77056E-06
 0.70814E-06
 0.70979E-06
 0.76105E-06
 0.77363E-06
 0.93209E-06
 0.96034E-06
 0.96791E-06
 0.92673E-06
 0.79648E-06
 0.78668E-06
 0.96911E-06
 0.10274E-05
 0.10362E-05
 0.10421E-05
 0.10465E-05
 0.10524E-05
 0.10583E-05
 0.10641E-05
 0.10698E-05
 0.10752E-05
 0.10818E-05
 0.10882E-05
 0.10938E-05
 0.11000E-05
 0.11061E-05
 0.11126E-05
 0.11198E-05
 0.11289E-05
 0.11402E-05
 0.11446E-05
 0.11450E-05
 0.11486E-05
 0.11528E-05
 0.11593E-05
 0.11656E-05
 0.11706E-05
 0.27290E-05
 0.41721E-05
 0.42344E-05
 0.42956E-05
 0.43548E-05
 0.44148E-05
 0.44757E-05
 0.45378E-05
 0.46036E-05
 0.46723E-05
 0.47360E-05
 0.47958E-05
 0.48574E-05
 0.49186E-05
 0.49884E-05
 0.50752E-05
 0.51388E-05
 0.51867E-05
 0.52511E-05
 0.53167E-05
 0.53809E-05
 0.54430E-05
 0.55119E-05
 0.55875E-05
 0.56596E-05
 0.57259E-05
 0.57904E-05
 0.58545E-05
 0.59173E-05
 0.59806E-05
 0.60442E-05
 0.61021E-05
 0.61523E-05
 0.61817E-05
 0.60929E-05
 0.59138E-05
 0.57444E-05
 0.54824E-05
 0.54836E-05
 0.59216E-05
 0.62968E-05
 0.65163E-05
 0.67450E-05
 0.69919E-05
 0.71561E-05
 0.72502E-05
 0.73376E-05
 0.74198E-05
 0.75017E-05
