 0.30210E-08
 0.33826E-08
 0.36996E-08
 0.39597E-08
 0.41654E-08
 0.42632E-08
 0.30511E-08
 0.20057E-08
 0.37635E-08
 0.59494E-08
 0.57598E-08
 0.58243E-08
 0.65246E-08
 0.71291E-08
 0.74786E-08
 0.78171E-08
 0.81695E-08
 0.85197E-08
 0.88658E-08
 0.10646E-07
 0.11511E-07
 0.11939E-07
 0.12400E-07
 0.13229E-07
 0.13621E-07
 0.13941E-07
 0.14415E-07
 0.34756E-07
 0.13467E-06
 0.16586E-06
 0.19690E-06
 0.22690E-06
 0.26353E-06
 0.25890E-06
 0.25074E-06
 0.22481E-06
 0.22556E-06
 0.24624E-06
 0.25145E-06
 0.31827E-06
 0.32982E-06
 0.33274E-06
 0.31488E-06
 0.26329E-06
 0.26061E-06
 0.33416E-06
 0.35891E-06
 0.36325E-06
 0.36656E-06
 0.36947E-06
 0.37318E-06
 0.37707E-06
 0.38111E-06
 0.38530E-06
 0.38957E-06
 0.39444E-06
 0.39946E-06
 0.40436E-06
 0.40966E-06
 0.41514E-06
 0.42094E-06
 0.42717E-06
 0.43424E-06
 0.44227E-06
 0.44806E-06
 0.45266E-06
 0.45857E-06
 0.46487E-06
 0.47219E-06
 0.47960E-06
 0.48676E-06
 0.13028E-05
 0.20594E-05
 0.20892E-05
 0.21181E-05
 0.21455E-05
 0.21736E-05
 0.22024E-05
 0.22322E-05
 0.22648E-05
 0.22998E-05
 0.23309E-05
 0.23592E-05
 0.23889E-05
 0.24184E-05
 0.24540E-05
 0.25013E-05
 0.25329E-05
 0.25539E-05
 0.25864E-05
 0.26197E-05
 0.26521E-05
 0.26832E-05
 0.27193E-05
 0.27602E-05
 0.27987E-05
 0.28333E-05
 0.28668E-05
 0.28999E-05
 0.29322E-05
 0.29651E-05
 0.29985E-05
 0.30278E-05
 0.30518E-05
 0.30616E-05
 0.29906E-05
 0.28637E-05
 0.27510E-05
 0.25913E-05
 0.25912E-05
 0.28512E-05
 0.30828E-05
 0.32206E-05
 0.33663E-05
 0.35256E-05
 0.36309E-05
 0.36881E-05
 0.37407E-05
 0.37898E-05
 0.38390E-05
