 0.58263E-08
 0.68482E-08
 0.72938E-08
 0.72598E-08
 0.70866E-08
 0.64236E-08
 0.30354E-08
 0.21671E-08
 0.39256E-08
 0.88748E-08
 0.69820E-08
 0.62843E-08
 0.75534E-08
 0.85010E-08
 0.85719E-08
 0.85953E-08
 0.86536E-08
 0.87089E-08
 0.87621E-08
 0.12228E-07
 0.13194E-07
 0.13094E-07
 0.13088E-07
 0.13887E-07
 0.13689E-07
 0.13401E-07
 0.13471E-07
 0.13034E-06
 0.73301E-06
 0.87021E-06
 0.10005E-05
 0.11162E-05
 0.12544E-05
 0.12302E-05
 0.11913E-05
 0.10780E-05
 0.10717E-05
 0.11470E-05
 0.11582E-05
 0.14073E-05
 0.14423E-05
 0.14435E-05
 0.13660E-05
 0.11483E-05
 0.11236E-05
 0.14017E-05
 0.14829E-05
 0.14856E-05
 0.14838E-05
 0.14797E-05
 0.14779E-05
 0.14762E-05
 0.14743E-05
 0.14724E-05
 0.14700E-05
 0.14693E-05
 0.14686E-05
 0.14666E-05
 0.14655E-05
 0.14644E-05
 0.14639E-05
 0.14644E-05
 0.14677E-05
 0.14741E-05
 0.14707E-05
 0.14617E-05
 0.14573E-05
 0.14538E-05
 0.14537E-05
 0.14534E-05
 0.14512E-05
 0.36982E-05
 0.57668E-05
 0.58296E-05
 0.58905E-05
 0.59478E-05
 0.60061E-05
 0.60653E-05
 0.61260E-05
 0.61918E-05
 0.62617E-05
 0.63236E-05
 0.63795E-05
 0.64377E-05
 0.64951E-05
 0.65645E-05
 0.66579E-05
 0.67178E-05
 0.67552E-05
 0.68158E-05
 0.68778E-05
 0.69374E-05
 0.69939E-05
 0.70599E-05
 0.71351E-05
 0.72049E-05
 0.72664E-05
 0.73251E-05
 0.73828E-05
 0.74385E-05
 0.74947E-05
 0.75513E-05
 0.75995E-05
 0.76367E-05
 0.76448E-05
 0.74882E-05
 0.72075E-05
 0.69432E-05
 0.65553E-05
 0.65284E-05
 0.70959E-05
 0.75783E-05
 0.78473E-05
 0.81282E-05
 0.84326E-05
 0.86242E-05
 0.87197E-05
 0.88057E-05
 0.88844E-05
 0.89626E-05
