 0.47010E-08
 0.51347E-08
 0.55660E-08
 0.59688E-08
 0.63820E-08
 0.67698E-08
 0.64399E-08
 0.59811E-08
 0.75710E-08
 0.91206E-08
 0.94351E-08
 0.99000E-08
 0.10771E-07
 0.11608E-07
 0.12320E-07
 0.13052E-07
 0.13817E-07
 0.14609E-07
 0.15425E-07
 0.17173E-07
 0.18404E-07
 0.19397E-07
 0.20434E-07
 0.21674E-07
 0.22734E-07
 0.23778E-07
 0.24953E-07
 0.30252E-07
 0.50436E-07
 0.58869E-07
 0.67667E-07
 0.77047E-07
 0.88464E-07
 0.89216E-07
 0.89190E-07
 0.84673E-07
 0.87053E-07
 0.94649E-07
 0.98384E-07
 0.11984E-06
 0.12575E-06
 0.12929E-06
 0.12665E-06
 0.11460E-06
 0.11660E-06
 0.14095E-06
 0.15142E-06
 0.15580E-06
 0.15997E-06
 0.16410E-06
 0.16855E-06
 0.17314E-06
 0.17786E-06
 0.18273E-06
 0.18771E-06
 0.19296E-06
 0.19836E-06
 0.20383E-06
 0.20951E-06
 0.21536E-06
 0.22141E-06
 0.22770E-06
 0.23435E-06
 0.24141E-06
 0.24792E-06
 0.25419E-06
 0.26098E-06
 0.26802E-06
 0.27547E-06
 0.28309E-06
 0.29077E-06
 0.70097E-06
 0.10881E-05
 0.11122E-05
 0.11360E-05
 0.11590E-05
 0.11826E-05
 0.12067E-05
 0.12314E-05
 0.12579E-05
 0.12860E-05
 0.13119E-05
 0.13361E-05
 0.13613E-05
 0.13864E-05
 0.14157E-05
 0.14532E-05
 0.14799E-05
 0.14993E-05
 0.15267E-05
 0.15547E-05
 0.15822E-05
 0.16089E-05
 0.16391E-05
 0.16725E-05
 0.17044E-05
 0.17338E-05
 0.17623E-05
 0.17908E-05
 0.18188E-05
 0.18472E-05
 0.18759E-05
 0.19019E-05
 0.19242E-05
 0.19365E-05
 0.18926E-05
 0.18103E-05
 0.17384E-05
 0.16364E-05
 0.16412E-05
 0.18217E-05
 0.19875E-05
 0.20901E-05
 0.22002E-05
 0.23224E-05
 0.24052E-05
 0.24523E-05
 0.24960E-05
 0.25372E-05
 0.25785E-05
