 0.88140E-09
 0.98573E-09
 0.10806E-08
 0.11673E-08
 0.12403E-08
 0.12931E-08
 0.11711E-08
 0.11478E-08
 0.14078E-08
 0.18255E-08
 0.18430E-08
 0.19227E-08
 0.21228E-08
 0.23120E-08
 0.24596E-08
 0.26119E-08
 0.27741E-08
 0.29437E-08
 0.31209E-08
 0.35019E-08
 0.37596E-08
 0.39667E-08
 0.41904E-08
 0.44880E-08
 0.47207E-08
 0.49547E-08
 0.52256E-08
 0.25811E-07
 0.13362E-06
 0.16984E-06
 0.20582E-06
 0.24062E-06
 0.28338E-06
 0.27601E-06
 0.26440E-06
 0.23123E-06
 0.23002E-06
 0.25279E-06
 0.25693E-06
 0.33683E-06
 0.34879E-06
 0.35002E-06
 0.32577E-06
 0.25978E-06
 0.25353E-06
 0.34094E-06
 0.36828E-06
 0.37043E-06
 0.37117E-06
 0.37124E-06
 0.37215E-06
 0.37315E-06
 0.37418E-06
 0.37525E-06
 0.37627E-06
 0.37789E-06
 0.37955E-06
 0.38090E-06
 0.38259E-06
 0.38434E-06
 0.38635E-06
 0.38876E-06
 0.39208E-06
 0.39645E-06
 0.39781E-06
 0.39746E-06
 0.39864E-06
 0.40018E-06
 0.40281E-06
 0.40541E-06
 0.40757E-06
 0.14857E-05
 0.24897E-05
 0.25281E-05
 0.25656E-05
 0.26012E-05
 0.26376E-05
 0.26748E-05
 0.27130E-05
 0.27547E-05
 0.27989E-05
 0.28387E-05
 0.28749E-05
 0.29128E-05
 0.29504E-05
 0.29958E-05
 0.30568E-05
 0.30965E-05
 0.31220E-05
 0.31627E-05
 0.32044E-05
 0.32449E-05
 0.32836E-05
 0.33284E-05
 0.33792E-05
 0.34269E-05
 0.34696E-05
 0.35107E-05
 0.35515E-05
 0.35912E-05
 0.36315E-05
 0.36721E-05
 0.37078E-05
 0.37367E-05
 0.37477E-05
 0.36567E-05
 0.34918E-05
 0.33402E-05
 0.31206E-05
 0.31128E-05
 0.34545E-05
 0.37541E-05
 0.39282E-05
 0.41124E-05
 0.43152E-05
 0.44460E-05
 0.45148E-05
 0.45777E-05
 0.46361E-05
 0.46943E-05
